Analysis & Synthesis report for Project1
Thu Jan 23 12:35:54 2025
Quartus II 64-Bit Version 13.0.1 Build 232 06/12/2013 Service Pack 1 SJ Full Version


---------------------
; Table of Contents ;
---------------------
  1. Legal Notice
  2. Analysis & Synthesis Summary
  3. Analysis & Synthesis Settings
  4. Parallel Compilation
  5. Analysis & Synthesis Messages



----------------
; Legal Notice ;
----------------
Copyright (C) 1991-2013 Altera Corporation
Your use of Altera Corporation's design tools, logic functions 
and other software and tools, and its AMPP partner logic 
functions, and any output files from any of the foregoing 
(including device programming or simulation files), and any 
associated documentation or information are expressly subject 
to the terms and conditions of the Altera Program License 
Subscription Agreement, Altera MegaCore Function License 
Agreement, or other applicable license agreement, including, 
without limitation, that your use is for the sole purpose of 
programming logic devices manufactured by Altera and sold by 
Altera or its authorized distributors.  Please refer to the 
applicable agreement for further details.



+---------------------------------------------------------------------------------------+
; Analysis & Synthesis Summary                                                          ;
+------------------------------------+--------------------------------------------------+
; Analysis & Synthesis Status        ; Failed - Thu Jan 23 12:35:54 2025                ;
; Quartus II 64-Bit Version          ; 13.0.1 Build 232 06/12/2013 SP 1 SJ Full Version ;
; Revision Name                      ; Project1                                         ;
; Top-level Entity Name              ; DE2_115                                          ;
; Family                             ; Cyclone IV E                                     ;
; Total logic elements               ; N/A until Partition Merge                        ;
;     Total combinational functions  ; N/A until Partition Merge                        ;
;     Dedicated logic registers      ; N/A until Partition Merge                        ;
; Total registers                    ; N/A until Partition Merge                        ;
; Total pins                         ; N/A until Partition Merge                        ;
; Total virtual pins                 ; N/A until Partition Merge                        ;
; Total memory bits                  ; N/A until Partition Merge                        ;
; Embedded Multiplier 9-bit elements ; N/A until Partition Merge                        ;
; Total PLLs                         ; N/A until Partition Merge                        ;
+------------------------------------+--------------------------------------------------+


+----------------------------------------------------------------------------------------------------------------------+
; Analysis & Synthesis Settings                                                                                        ;
+----------------------------------------------------------------------------+--------------------+--------------------+
; Option                                                                     ; Setting            ; Default Value      ;
+----------------------------------------------------------------------------+--------------------+--------------------+
; Device                                                                     ; EP4CE115F29C7      ;                    ;
; Top-level entity name                                                      ; DE2_115            ; Project1           ;
; Family name                                                                ; Cyclone IV E       ; Cyclone IV GX      ;
; Use smart compilation                                                      ; Off                ; Off                ;
; Enable parallel Assembler and TimeQuest Timing Analyzer during compilation ; On                 ; On                 ;
; Enable compact report table                                                ; Off                ; Off                ;
; Restructure Multiplexers                                                   ; Auto               ; Auto               ;
; Create Debugging Nodes for IP Cores                                        ; Off                ; Off                ;
; Preserve fewer node names                                                  ; On                 ; On                 ;
; Disable OpenCore Plus hardware evaluation                                  ; Off                ; Off                ;
; Verilog Version                                                            ; Verilog_2001       ; Verilog_2001       ;
; VHDL Version                                                               ; VHDL_1993          ; VHDL_1993          ;
; State Machine Processing                                                   ; Auto               ; Auto               ;
; Safe State Machine                                                         ; Off                ; Off                ;
; Extract Verilog State Machines                                             ; On                 ; On                 ;
; Extract VHDL State Machines                                                ; On                 ; On                 ;
; Ignore Verilog initial constructs                                          ; Off                ; Off                ;
; Iteration limit for constant Verilog loops                                 ; 5000               ; 5000               ;
; Iteration limit for non-constant Verilog loops                             ; 250                ; 250                ;
; Add Pass-Through Logic to Inferred RAMs                                    ; On                 ; On                 ;
; Infer RAMs from Raw Logic                                                  ; On                 ; On                 ;
; Parallel Synthesis                                                         ; On                 ; On                 ;
; DSP Block Balancing                                                        ; Auto               ; Auto               ;
; NOT Gate Push-Back                                                         ; On                 ; On                 ;
; Power-Up Don't Care                                                        ; On                 ; On                 ;
; Remove Redundant Logic Cells                                               ; Off                ; Off                ;
; Remove Duplicate Registers                                                 ; On                 ; On                 ;
; Ignore CARRY Buffers                                                       ; Off                ; Off                ;
; Ignore CASCADE Buffers                                                     ; Off                ; Off                ;
; Ignore GLOBAL Buffers                                                      ; Off                ; Off                ;
; Ignore ROW GLOBAL Buffers                                                  ; Off                ; Off                ;
; Ignore LCELL Buffers                                                       ; Off                ; Off                ;
; Ignore SOFT Buffers                                                        ; On                 ; On                 ;
; Limit AHDL Integers to 32 Bits                                             ; Off                ; Off                ;
; Optimization Technique                                                     ; Balanced           ; Balanced           ;
; Carry Chain Length                                                         ; 70                 ; 70                 ;
; Auto Carry Chains                                                          ; On                 ; On                 ;
; Auto Open-Drain Pins                                                       ; On                 ; On                 ;
; Perform WYSIWYG Primitive Resynthesis                                      ; Off                ; Off                ;
; Auto ROM Replacement                                                       ; On                 ; On                 ;
; Auto RAM Replacement                                                       ; On                 ; On                 ;
; Auto DSP Block Replacement                                                 ; On                 ; On                 ;
; Auto Shift Register Replacement                                            ; Auto               ; Auto               ;
; Allow Shift Register Merging across Hierarchies                            ; Auto               ; Auto               ;
; Auto Clock Enable Replacement                                              ; On                 ; On                 ;
; Strict RAM Replacement                                                     ; Off                ; Off                ;
; Allow Synchronous Control Signals                                          ; On                 ; On                 ;
; Force Use of Synchronous Clear Signals                                     ; Off                ; Off                ;
; Auto RAM Block Balancing                                                   ; On                 ; On                 ;
; Auto RAM to Logic Cell Conversion                                          ; Off                ; Off                ;
; Auto Resource Sharing                                                      ; Off                ; Off                ;
; Allow Any RAM Size For Recognition                                         ; Off                ; Off                ;
; Allow Any ROM Size For Recognition                                         ; Off                ; Off                ;
; Allow Any Shift Register Size For Recognition                              ; Off                ; Off                ;
; Use LogicLock Constraints during Resource Balancing                        ; On                 ; On                 ;
; Ignore translate_off and synthesis_off directives                          ; Off                ; Off                ;
; Timing-Driven Synthesis                                                    ; On                 ; On                 ;
; Report Parameter Settings                                                  ; On                 ; On                 ;
; Report Source Assignments                                                  ; On                 ; On                 ;
; Report Connectivity Checks                                                 ; On                 ; On                 ;
; Ignore Maximum Fan-Out Assignments                                         ; Off                ; Off                ;
; Synchronization Register Chain Length                                      ; 2                  ; 2                  ;
; PowerPlay Power Optimization                                               ; Normal compilation ; Normal compilation ;
; HDL message level                                                          ; Level2             ; Level2             ;
; Suppress Register Optimization Related Messages                            ; Off                ; Off                ;
; Number of Removed Registers Reported in Synthesis Report                   ; 5000               ; 5000               ;
; Number of Swept Nodes Reported in Synthesis Report                         ; 5000               ; 5000               ;
; Number of Inverted Registers Reported in Synthesis Report                  ; 100                ; 100                ;
; Clock MUX Protection                                                       ; On                 ; On                 ;
; Auto Gated Clock Conversion                                                ; Off                ; Off                ;
; Block Design Naming                                                        ; Auto               ; Auto               ;
; SDC constraint protection                                                  ; Off                ; Off                ;
; Synthesis Effort                                                           ; Auto               ; Auto               ;
; Shift Register Replacement - Allow Asynchronous Clear Signal               ; On                 ; On                 ;
; Pre-Mapping Resynthesis Optimization                                       ; Off                ; Off                ;
; Analysis & Synthesis Message Level                                         ; Medium             ; Medium             ;
; Disable Register Merging Across Hierarchies                                ; Auto               ; Auto               ;
; Resource Aware Inference For Block RAM                                     ; On                 ; On                 ;
; Synthesis Seed                                                             ; 1                  ; 1                  ;
+----------------------------------------------------------------------------+--------------------+--------------------+


+------------------------------------------+
; Parallel Compilation                     ;
+----------------------------+-------------+
; Processors                 ; Number      ;
+----------------------------+-------------+
; Number detected on machine ; 12          ;
; Maximum allowed            ; 6           ;
;                            ;             ;
; Average used               ; 1.00        ;
; Maximum used               ; 1           ;
;                            ;             ;
; Usage by Processor         ; % Time Used ;
;     Processor 1            ; 100.0%      ;
;     Processors 2-12        ;   0.0%      ;
+----------------------------+-------------+


+-------------------------------+
; Analysis & Synthesis Messages ;
+-------------------------------+
Info: *******************************************************************
Info: Running Quartus II 64-Bit Analysis & Synthesis
    Info: Version 13.0.1 Build 232 06/12/2013 Service Pack 1 SJ Full Version
    Info: Processing started: Thu Jan 23 12:35:53 2025
Info: Command: quartus_map --read_settings_files=on --write_settings_files=off Project1 -c Project1
Info (11104): Parallel Compilation has detected 12 hyper-threaded processors. However, the extra hyper-threaded processors will not be used by default. Parallel Compilation will use 6 of the 6 physical processors detected instead.
Info (12021): Found 2 design units, including 1 entities, in source file de2_115.vhd
    Info (12022): Found design unit 1: DE2_115-structural
    Info (12023): Found entity 1: DE2_115
Info (12021): Found 2 design units, including 1 entities, in source file top_level.vhd
    Info (12022): Found design unit 1: top_level-Structural
    Info (12023): Found entity 1: top_level
Info (12021): Found 2 design units, including 1 entities, in source file sram_controller.vhd
    Info (12022): Found design unit 1: SRAM_Controller-arch
    Info (12023): Found entity 1: SRAM_Controller
Info (12021): Found 2 design units, including 1 entities, in source file 7_segment_display.vhd
    Info (12022): Found design unit 1: SevenSegment-Behavioral
    Info (12023): Found entity 1: SevenSegment
Info (12021): Found 2 design units, including 1 entities, in source file kp_controller.vhd
    Info (12022): Found design unit 1: KP_Controller-Behavioral
    Info (12023): Found entity 1: KP_Controller
Info (12021): Found 2 design units, including 1 entities, in source file btn_debounce_toggle.vhd
    Info (12022): Found design unit 1: btn_debounce_toggle-Behavioral
    Info (12023): Found entity 1: btn_debounce_toggle
Info (12021): Found 2 design units, including 1 entities, in source file reset_delay.vhd
    Info (12022): Found design unit 1: Reset_Delay-Arch
    Info (12023): Found entity 1: Reset_Delay
Info (12021): Found 2 design units, including 1 entities, in source file initrom.vhd
    Info (12022): Found design unit 1: initrom-SYN
    Info (12023): Found entity 1: initRom
Error (10482): VHDL error at top_level.vhd(187): object "mem" is used but not declared File: C:/Users/nathani/Documents/GitHub/EE316_2025/Project1/top_level.vhd Line: 187
Error (10482): VHDL error at top_level.vhd(188): object "rw" is used but not declared File: C:/Users/nathani/Documents/GitHub/EE316_2025/Project1/top_level.vhd Line: 188
Error (10482): VHDL error at top_level.vhd(189): object "addr" is used but not declared File: C:/Users/nathani/Documents/GitHub/EE316_2025/Project1/top_level.vhd Line: 189
Error (10482): VHDL error at top_level.vhd(190): object "data_f2s" is used but not declared File: C:/Users/nathani/Documents/GitHub/EE316_2025/Project1/top_level.vhd Line: 190
Error (10482): VHDL error at top_level.vhd(191): object "ready" is used but not declared File: C:/Users/nathani/Documents/GitHub/EE316_2025/Project1/top_level.vhd Line: 191
Error (10558): VHDL error at top_level.vhd(191): cannot associate formal port "ready" of mode "out" with an expression File: C:/Users/nathani/Documents/GitHub/EE316_2025/Project1/top_level.vhd Line: 191
Error (10482): VHDL error at top_level.vhd(192): object "data_s2f_r" is used but not declared File: C:/Users/nathani/Documents/GitHub/EE316_2025/Project1/top_level.vhd Line: 192
Error (10558): VHDL error at top_level.vhd(192): cannot associate formal port "data_s2f_r" of mode "out" with an expression File: C:/Users/nathani/Documents/GitHub/EE316_2025/Project1/top_level.vhd Line: 192
Error (10482): VHDL error at top_level.vhd(193): object "data_s2f_ur" is used but not declared File: C:/Users/nathani/Documents/GitHub/EE316_2025/Project1/top_level.vhd Line: 193
Error (10558): VHDL error at top_level.vhd(193): cannot associate formal port "data_s2f_ur" of mode "out" with an expression File: C:/Users/nathani/Documents/GitHub/EE316_2025/Project1/top_level.vhd Line: 193
Error (10349): VHDL Association List error at top_level.vhd(196): formal "ow_n" does not exist File: C:/Users/nathani/Documents/GitHub/EE316_2025/Project1/top_level.vhd Line: 196
Error: Quartus II 64-Bit Analysis & Synthesis was unsuccessful. 11 errors, 0 warnings
    Error: Peak virtual memory: 4623 megabytes
    Error: Processing ended: Thu Jan 23 12:35:54 2025
    Error: Elapsed time: 00:00:01
    Error: Total CPU time (on all processors): 00:00:01


