00:05:48 INFO  : Registering command handlers for SDK TCF services
00:05:49 INFO  : Launching XSCT server: xsct.bat -interactive C:\Users\nathani\Documents\GitHub\EE316_2025\Project3\project_3_main\project_3_main.sdk\temp_xsdb_launch_script.tcl
00:05:52 INFO  : XSCT server has started successfully.
00:05:53 INFO  : Successfully done setting XSCT server connection channel  
00:05:53 INFO  : Successfully done setting SDK workspace  
00:05:53 INFO  : Processing command line option -hwspec C:/Users/nathani/Documents/GitHub/EE316_2025/Project3/project_3_main/project_3_main.sdk/FullBuild_wrapper.hdf.
00:07:27 INFO  : Connected to target on host '127.0.0.1' and port '3121'.
00:07:28 INFO  : 'targets -set -filter {jtag_cable_name =~ "JTAG-ONB4 25163300758BA" && level==0} -index 1' command is executed.
00:07:29 INFO  : FPGA configured successfully with bitstream "C:/Users/nathani/Documents/GitHub/EE316_2025/Project3/project_3_main/project_3_main.sdk/FullBuild_wrapper_hw_platform_0/FullBuild_wrapper.bit"
00:07:54 INFO  : Connected to target on host '127.0.0.1' and port '3121'.
00:07:54 INFO  : 'targets -set -filter {jtag_cable_name =~ "JTAG-ONB4 25163300758BA" && level==0} -index 1' command is executed.
00:07:55 INFO  : FPGA configured successfully with bitstream "C:/Users/nathani/Documents/GitHub/EE316_2025/Project3/project_3_main/project_3_main.sdk/FullBuild_wrapper_hw_platform_0/FullBuild_wrapper.bit"
00:08:08 INFO  : 'targets -set -filter {jtag_cable_name =~ "JTAG-ONB4 25163300758BA" && level==0} -index 1' command is executed.
00:08:08 INFO  : 'fpga -state' command is executed.
00:08:08 INFO  : Connected to target on host '127.0.0.1' and port '3121'.
00:08:08 INFO  : Jtag cable 'JTAG-ONB4 25163300758BA' is selected.
00:08:08 INFO  : 'jtag frequency' command is executed.
00:08:08 INFO  : Sourcing of 'C:/Users/nathani/Documents/GitHub/EE316_2025/Project3/project_3_main/project_3_main.sdk/FullBuild_wrapper_hw_platform_0/ps7_init.tcl' is done.
00:08:08 INFO  : Context for 'APU' is selected.
00:08:08 INFO  : Hardware design information is loaded from 'C:/Users/nathani/Documents/GitHub/EE316_2025/Project3/project_3_main/project_3_main.sdk/FullBuild_wrapper_hw_platform_0/system.hdf'.
00:08:08 INFO  : 'configparams force-mem-access 1' command is executed.
00:08:08 INFO  : Context for 'APU' is selected.
00:08:09 INFO  : 'stop' command is executed.
00:08:09 INFO  : 'ps7_init' command is executed.
00:08:09 INFO  : 'ps7_post_config' command is executed.
00:08:09 INFO  : Context for processor 'ps7_cortexa9_0' is selected.
00:08:09 INFO  : Processor reset is completed for 'ps7_cortexa9_0'.
00:08:09 INFO  : Context for processor 'ps7_cortexa9_0' is selected.
00:08:09 INFO  : The application 'C:/Users/nathani/Documents/GitHub/EE316_2025/Project3/project_3_main/project_3_main.sdk/HelloWorld/Debug/HelloWorld.elf' is downloaded to processor 'ps7_cortexa9_0'.
00:08:09 INFO  : 'configparams force-mem-access 0' command is executed.
00:08:09 INFO  : ----------------XSDB Script----------------
connect -url tcp:127.0.0.1:3121
source C:/Users/nathani/Documents/GitHub/EE316_2025/Project3/project_3_main/project_3_main.sdk/FullBuild_wrapper_hw_platform_0/ps7_init.tcl
targets -set -nocase -filter {name =~"APU*" && jtag_cable_name =~ "JTAG-ONB4 25163300758BA"} -index 0
loadhw -hw C:/Users/nathani/Documents/GitHub/EE316_2025/Project3/project_3_main/project_3_main.sdk/FullBuild_wrapper_hw_platform_0/system.hdf -mem-ranges [list {0x40000000 0xbfffffff}]
configparams force-mem-access 1
targets -set -nocase -filter {name =~"APU*" && jtag_cable_name =~ "JTAG-ONB4 25163300758BA"} -index 0
stop
ps7_init
ps7_post_config
targets -set -nocase -filter {name =~ "ARM*#0" && jtag_cable_name =~ "JTAG-ONB4 25163300758BA"} -index 0
rst -processor
targets -set -nocase -filter {name =~ "ARM*#0" && jtag_cable_name =~ "JTAG-ONB4 25163300758BA"} -index 0
dow C:/Users/nathani/Documents/GitHub/EE316_2025/Project3/project_3_main/project_3_main.sdk/HelloWorld/Debug/HelloWorld.elf
configparams force-mem-access 0
----------------End of Script----------------

00:08:09 INFO  : Memory regions updated for context APU
00:08:09 INFO  : Context for processor 'ps7_cortexa9_0' is selected.
00:08:09 INFO  : 'con' command is executed.
00:08:09 INFO  : ----------------XSDB Script (After Launch)----------------
targets -set -nocase -filter {name =~ "ARM*#0" && jtag_cable_name =~ "JTAG-ONB4 25163300758BA"} -index 0
con
----------------End of Script----------------

00:08:09 INFO  : Launch script is exported to file 'C:\Users\nathani\Documents\GitHub\EE316_2025\Project3\project_3_main\project_3_main.sdk\.sdk\launch_scripts\xilinx_c-c++_application_(system_debugger)\system_debugger_using_debug_helloworld.elf_on_local.tcl'
00:15:13 INFO  : Connected to target on host '127.0.0.1' and port '3121'.
00:15:13 INFO  : 'targets -set -filter {jtag_cable_name =~ "JTAG-ONB4 25163300758BA" && level==0} -index 1' command is executed.
00:15:15 INFO  : FPGA configured successfully with bitstream "C:/Users/nathani/Documents/GitHub/EE316_2025/Project3/project_3_main/project_3_main.sdk/FullBuild_wrapper_hw_platform_0/FullBuild_wrapper.bit"
00:15:24 INFO  : Disconnected from the channel tcfchan#1.
00:15:25 INFO  : 'targets -set -filter {jtag_cable_name =~ "JTAG-ONB4 25163300758BA" && level==0} -index 1' command is executed.
00:15:25 INFO  : 'fpga -state' command is executed.
00:15:25 INFO  : Connected to target on host '127.0.0.1' and port '3121'.
00:15:25 INFO  : Jtag cable 'JTAG-ONB4 25163300758BA' is selected.
00:15:25 INFO  : 'jtag frequency' command is executed.
00:15:25 INFO  : Sourcing of 'C:/Users/nathani/Documents/GitHub/EE316_2025/Project3/project_3_main/project_3_main.sdk/FullBuild_wrapper_hw_platform_0/ps7_init.tcl' is done.
00:15:25 INFO  : Context for 'APU' is selected.
00:15:26 INFO  : Hardware design information is loaded from 'C:/Users/nathani/Documents/GitHub/EE316_2025/Project3/project_3_main/project_3_main.sdk/FullBuild_wrapper_hw_platform_0/system.hdf'.
00:15:26 INFO  : 'configparams force-mem-access 1' command is executed.
00:15:26 INFO  : Context for 'APU' is selected.
00:15:27 INFO  : 'stop' command is executed.
00:15:27 INFO  : 'ps7_init' command is executed.
00:15:27 INFO  : 'ps7_post_config' command is executed.
00:15:27 INFO  : Context for processor 'ps7_cortexa9_0' is selected.
00:15:27 INFO  : Processor reset is completed for 'ps7_cortexa9_0'.
00:15:27 INFO  : Context for processor 'ps7_cortexa9_0' is selected.
00:15:27 INFO  : The application 'C:/Users/nathani/Documents/GitHub/EE316_2025/Project3/project_3_main/project_3_main.sdk/HelloWorld/Debug/HelloWorld.elf' is downloaded to processor 'ps7_cortexa9_0'.
00:15:27 INFO  : 'configparams force-mem-access 0' command is executed.
00:15:27 INFO  : ----------------XSDB Script----------------
connect -url tcp:127.0.0.1:3121
source C:/Users/nathani/Documents/GitHub/EE316_2025/Project3/project_3_main/project_3_main.sdk/FullBuild_wrapper_hw_platform_0/ps7_init.tcl
targets -set -nocase -filter {name =~"APU*" && jtag_cable_name =~ "JTAG-ONB4 25163300758BA"} -index 0
loadhw -hw C:/Users/nathani/Documents/GitHub/EE316_2025/Project3/project_3_main/project_3_main.sdk/FullBuild_wrapper_hw_platform_0/system.hdf -mem-ranges [list {0x40000000 0xbfffffff}]
configparams force-mem-access 1
targets -set -nocase -filter {name =~"APU*" && jtag_cable_name =~ "JTAG-ONB4 25163300758BA"} -index 0
stop
ps7_init
ps7_post_config
targets -set -nocase -filter {name =~ "ARM*#0" && jtag_cable_name =~ "JTAG-ONB4 25163300758BA"} -index 0
rst -processor
targets -set -nocase -filter {name =~ "ARM*#0" && jtag_cable_name =~ "JTAG-ONB4 25163300758BA"} -index 0
dow C:/Users/nathani/Documents/GitHub/EE316_2025/Project3/project_3_main/project_3_main.sdk/HelloWorld/Debug/HelloWorld.elf
configparams force-mem-access 0
----------------End of Script----------------

00:15:27 INFO  : Memory regions updated for context APU
00:15:27 INFO  : Context for processor 'ps7_cortexa9_0' is selected.
00:15:27 INFO  : 'con' command is executed.
00:15:27 INFO  : ----------------XSDB Script (After Launch)----------------
targets -set -nocase -filter {name =~ "ARM*#0" && jtag_cable_name =~ "JTAG-ONB4 25163300758BA"} -index 0
con
----------------End of Script----------------

00:15:27 INFO  : Launch script is exported to file 'C:\Users\nathani\Documents\GitHub\EE316_2025\Project3\project_3_main\project_3_main.sdk\.sdk\launch_scripts\xilinx_c-c++_application_(system_debugger)\system_debugger_using_debug_helloworld.elf_on_local.tcl'
00:19:09 INFO  : Connected to target on host '127.0.0.1' and port '3121'.
00:19:09 INFO  : 'targets -set -filter {jtag_cable_name =~ "JTAG-ONB4 25163300758BA" && level==0} -index 1' command is executed.
00:19:11 INFO  : FPGA configured successfully with bitstream "C:/Users/nathani/Documents/GitHub/EE316_2025/Project3/project_3_main/project_3_main.sdk/FullBuild_wrapper_hw_platform_0/FullBuild_wrapper.bit"
00:19:29 INFO  : Disconnected from the channel tcfchan#2.
00:19:30 INFO  : 'targets -set -filter {jtag_cable_name =~ "JTAG-ONB4 25163300758BA" && level==0} -index 1' command is executed.
00:19:30 INFO  : 'fpga -state' command is executed.
00:19:30 INFO  : Connected to target on host '127.0.0.1' and port '3121'.
00:19:30 INFO  : Jtag cable 'JTAG-ONB4 25163300758BA' is selected.
00:19:30 INFO  : 'jtag frequency' command is executed.
00:19:30 INFO  : Sourcing of 'C:/Users/nathani/Documents/GitHub/EE316_2025/Project3/project_3_main/project_3_main.sdk/FullBuild_wrapper_hw_platform_0/ps7_init.tcl' is done.
00:19:30 INFO  : Context for 'APU' is selected.
00:19:32 INFO  : Hardware design information is loaded from 'C:/Users/nathani/Documents/GitHub/EE316_2025/Project3/project_3_main/project_3_main.sdk/FullBuild_wrapper_hw_platform_0/system.hdf'.
00:19:32 INFO  : 'configparams force-mem-access 1' command is executed.
00:19:32 INFO  : Context for 'APU' is selected.
00:19:32 INFO  : 'stop' command is executed.
00:19:32 INFO  : 'ps7_init' command is executed.
00:19:32 INFO  : 'ps7_post_config' command is executed.
00:19:32 INFO  : Context for processor 'ps7_cortexa9_0' is selected.
00:19:32 INFO  : Processor reset is completed for 'ps7_cortexa9_0'.
00:19:32 INFO  : Context for processor 'ps7_cortexa9_0' is selected.
00:19:32 INFO  : The application 'C:/Users/nathani/Documents/GitHub/EE316_2025/Project3/project_3_main/project_3_main.sdk/HelloWorld/Debug/HelloWorld.elf' is downloaded to processor 'ps7_cortexa9_0'.
00:19:32 INFO  : 'configparams force-mem-access 0' command is executed.
00:19:32 INFO  : ----------------XSDB Script----------------
connect -url tcp:127.0.0.1:3121
source C:/Users/nathani/Documents/GitHub/EE316_2025/Project3/project_3_main/project_3_main.sdk/FullBuild_wrapper_hw_platform_0/ps7_init.tcl
targets -set -nocase -filter {name =~"APU*" && jtag_cable_name =~ "JTAG-ONB4 25163300758BA"} -index 0
loadhw -hw C:/Users/nathani/Documents/GitHub/EE316_2025/Project3/project_3_main/project_3_main.sdk/FullBuild_wrapper_hw_platform_0/system.hdf -mem-ranges [list {0x40000000 0xbfffffff}]
configparams force-mem-access 1
targets -set -nocase -filter {name =~"APU*" && jtag_cable_name =~ "JTAG-ONB4 25163300758BA"} -index 0
stop
ps7_init
ps7_post_config
targets -set -nocase -filter {name =~ "ARM*#0" && jtag_cable_name =~ "JTAG-ONB4 25163300758BA"} -index 0
rst -processor
targets -set -nocase -filter {name =~ "ARM*#0" && jtag_cable_name =~ "JTAG-ONB4 25163300758BA"} -index 0
dow C:/Users/nathani/Documents/GitHub/EE316_2025/Project3/project_3_main/project_3_main.sdk/HelloWorld/Debug/HelloWorld.elf
configparams force-mem-access 0
----------------End of Script----------------

00:19:32 INFO  : Memory regions updated for context APU
00:19:32 INFO  : Context for processor 'ps7_cortexa9_0' is selected.
00:19:32 INFO  : 'con' command is executed.
00:19:32 INFO  : ----------------XSDB Script (After Launch)----------------
targets -set -nocase -filter {name =~ "ARM*#0" && jtag_cable_name =~ "JTAG-ONB4 25163300758BA"} -index 0
con
----------------End of Script----------------

00:19:32 INFO  : Launch script is exported to file 'C:\Users\nathani\Documents\GitHub\EE316_2025\Project3\project_3_main\project_3_main.sdk\.sdk\launch_scripts\xilinx_c-c++_application_(system_debugger)\system_debugger_using_debug_helloworld.elf_on_local.tcl'
00:27:41 INFO  : Connected to target on host '127.0.0.1' and port '3121'.
00:27:41 INFO  : 'targets -set -filter {jtag_cable_name =~ "JTAG-ONB4 25163300758BA" && level==0} -index 1' command is executed.
00:27:42 INFO  : FPGA configured successfully with bitstream "C:/Users/nathani/Documents/GitHub/EE316_2025/Project3/project_3_main/project_3_main.sdk/FullBuild_wrapper_hw_platform_0/FullBuild_wrapper.bit"
00:28:03 INFO  : Disconnected from the channel tcfchan#3.
00:28:04 INFO  : 'targets -set -filter {jtag_cable_name =~ "JTAG-ONB4 25163300758BA" && level==0} -index 1' command is executed.
00:28:04 INFO  : 'fpga -state' command is executed.
00:28:04 INFO  : Connected to target on host '127.0.0.1' and port '3121'.
00:28:04 INFO  : Jtag cable 'JTAG-ONB4 25163300758BA' is selected.
00:28:04 INFO  : 'jtag frequency' command is executed.
00:28:04 INFO  : Sourcing of 'C:/Users/nathani/Documents/GitHub/EE316_2025/Project3/project_3_main/project_3_main.sdk/FullBuild_wrapper_hw_platform_0/ps7_init.tcl' is done.
00:28:04 INFO  : Context for 'APU' is selected.
00:28:06 INFO  : Hardware design information is loaded from 'C:/Users/nathani/Documents/GitHub/EE316_2025/Project3/project_3_main/project_3_main.sdk/FullBuild_wrapper_hw_platform_0/system.hdf'.
00:28:06 INFO  : 'configparams force-mem-access 1' command is executed.
00:28:06 INFO  : Context for 'APU' is selected.
00:28:06 INFO  : 'stop' command is executed.
00:28:06 INFO  : 'ps7_init' command is executed.
00:28:06 INFO  : 'ps7_post_config' command is executed.
00:28:06 INFO  : Context for processor 'ps7_cortexa9_0' is selected.
00:28:06 INFO  : Processor reset is completed for 'ps7_cortexa9_0'.
00:28:06 INFO  : Context for processor 'ps7_cortexa9_0' is selected.
00:28:06 INFO  : The application 'C:/Users/nathani/Documents/GitHub/EE316_2025/Project3/project_3_main/project_3_main.sdk/HelloWorld/Debug/HelloWorld.elf' is downloaded to processor 'ps7_cortexa9_0'.
00:28:06 INFO  : 'configparams force-mem-access 0' command is executed.
00:28:06 INFO  : ----------------XSDB Script----------------
connect -url tcp:127.0.0.1:3121
source C:/Users/nathani/Documents/GitHub/EE316_2025/Project3/project_3_main/project_3_main.sdk/FullBuild_wrapper_hw_platform_0/ps7_init.tcl
targets -set -nocase -filter {name =~"APU*" && jtag_cable_name =~ "JTAG-ONB4 25163300758BA"} -index 0
loadhw -hw C:/Users/nathani/Documents/GitHub/EE316_2025/Project3/project_3_main/project_3_main.sdk/FullBuild_wrapper_hw_platform_0/system.hdf -mem-ranges [list {0x40000000 0xbfffffff}]
configparams force-mem-access 1
targets -set -nocase -filter {name =~"APU*" && jtag_cable_name =~ "JTAG-ONB4 25163300758BA"} -index 0
stop
ps7_init
ps7_post_config
targets -set -nocase -filter {name =~ "ARM*#0" && jtag_cable_name =~ "JTAG-ONB4 25163300758BA"} -index 0
rst -processor
targets -set -nocase -filter {name =~ "ARM*#0" && jtag_cable_name =~ "JTAG-ONB4 25163300758BA"} -index 0
dow C:/Users/nathani/Documents/GitHub/EE316_2025/Project3/project_3_main/project_3_main.sdk/HelloWorld/Debug/HelloWorld.elf
configparams force-mem-access 0
----------------End of Script----------------

00:28:06 INFO  : Memory regions updated for context APU
00:28:06 INFO  : Context for processor 'ps7_cortexa9_0' is selected.
00:28:06 INFO  : 'con' command is executed.
00:28:06 INFO  : ----------------XSDB Script (After Launch)----------------
targets -set -nocase -filter {name =~ "ARM*#0" && jtag_cable_name =~ "JTAG-ONB4 25163300758BA"} -index 0
con
----------------End of Script----------------

00:28:06 INFO  : Launch script is exported to file 'C:\Users\nathani\Documents\GitHub\EE316_2025\Project3\project_3_main\project_3_main.sdk\.sdk\launch_scripts\xilinx_c-c++_application_(system_debugger)\system_debugger_using_debug_helloworld.elf_on_local.tcl'
00:41:32 INFO  : SDK has detected change in the last modified timestamps for source hardware specification file Source:1740634784861,  Project:1740632368819
00:41:32 INFO  : Project FullBuild_wrapper_hw_platform_0's source hardware specification located at C:/Users/nathani/Documents/GitHub/EE316_2025/Project3/project_3_main/project_3_main.sdk/FullBuild_wrapper.hdf is now different from the local copy.
		 The local copy will be replaced with the source specification and your workspace will be updated.
00:41:51 INFO  : Copied contents of C:/Users/nathani/Documents/GitHub/EE316_2025/Project3/project_3_main/project_3_main.sdk/FullBuild_wrapper.hdf into \FullBuild_wrapper_hw_platform_0\system.hdf.
00:41:53 INFO  : Synchronizing projects in the workspace with the hardware platform specification changes.
00:41:56 INFO  : 
00:41:57 INFO  : Updating hardware inferred compiler options for HelloWorld.
00:41:57 INFO  : Clearing existing target manager status.
00:41:57 INFO  : Closing and re-opening the MSS file of ther project standalone_bsp_0
00:41:58 INFO  : Workspace synchronized with the new hardware specification file. Cleaning dependent projects...
00:41:59 WARN  : Linker script will not be updated automatically. Users need to update it manually.
00:43:34 INFO  : Connected to target on host '127.0.0.1' and port '3121'.
00:43:34 INFO  : 'targets -set -filter {jtag_cable_name =~ "JTAG-ONB4 25163300758BA" && level==0} -index 1' command is executed.
00:43:35 INFO  : FPGA configured successfully with bitstream "C:/Users/nathani/Documents/GitHub/EE316_2025/Project3/project_3_main/project_3_main.sdk/FullBuild_wrapper_hw_platform_0/FullBuild_wrapper.bit"
00:43:43 INFO  : Disconnected from the channel tcfchan#4.
00:43:44 INFO  : 'targets -set -filter {jtag_cable_name =~ "JTAG-ONB4 25163300758BA" && level==0} -index 1' command is executed.
00:43:44 INFO  : 'fpga -state' command is executed.
00:43:44 INFO  : Connected to target on host '127.0.0.1' and port '3121'.
00:43:45 INFO  : Jtag cable 'JTAG-ONB4 25163300758BA' is selected.
00:43:45 INFO  : 'jtag frequency' command is executed.
00:43:45 INFO  : Sourcing of 'C:/Users/nathani/Documents/GitHub/EE316_2025/Project3/project_3_main/project_3_main.sdk/FullBuild_wrapper_hw_platform_0/ps7_init.tcl' is done.
00:43:45 INFO  : Context for 'APU' is selected.
00:43:45 INFO  : Hardware design information is loaded from 'C:/Users/nathani/Documents/GitHub/EE316_2025/Project3/project_3_main/project_3_main.sdk/FullBuild_wrapper_hw_platform_0/system.hdf'.
00:43:45 INFO  : 'configparams force-mem-access 1' command is executed.
00:43:45 INFO  : Context for 'APU' is selected.
00:43:45 INFO  : 'stop' command is executed.
00:43:45 INFO  : 'ps7_init' command is executed.
00:43:45 INFO  : 'ps7_post_config' command is executed.
00:43:45 INFO  : Context for processor 'ps7_cortexa9_0' is selected.
00:43:45 INFO  : Processor reset is completed for 'ps7_cortexa9_0'.
00:43:45 INFO  : Context for processor 'ps7_cortexa9_0' is selected.
00:43:45 INFO  : The application 'C:/Users/nathani/Documents/GitHub/EE316_2025/Project3/project_3_main/project_3_main.sdk/HelloWorld/Debug/HelloWorld.elf' is downloaded to processor 'ps7_cortexa9_0'.
00:43:45 INFO  : 'configparams force-mem-access 0' command is executed.
00:43:45 INFO  : ----------------XSDB Script----------------
connect -url tcp:127.0.0.1:3121
source C:/Users/nathani/Documents/GitHub/EE316_2025/Project3/project_3_main/project_3_main.sdk/FullBuild_wrapper_hw_platform_0/ps7_init.tcl
targets -set -nocase -filter {name =~"APU*" && jtag_cable_name =~ "JTAG-ONB4 25163300758BA"} -index 0
loadhw -hw C:/Users/nathani/Documents/GitHub/EE316_2025/Project3/project_3_main/project_3_main.sdk/FullBuild_wrapper_hw_platform_0/system.hdf -mem-ranges [list {0x40000000 0xbfffffff}]
configparams force-mem-access 1
targets -set -nocase -filter {name =~"APU*" && jtag_cable_name =~ "JTAG-ONB4 25163300758BA"} -index 0
stop
ps7_init
ps7_post_config
targets -set -nocase -filter {name =~ "ARM*#0" && jtag_cable_name =~ "JTAG-ONB4 25163300758BA"} -index 0
rst -processor
targets -set -nocase -filter {name =~ "ARM*#0" && jtag_cable_name =~ "JTAG-ONB4 25163300758BA"} -index 0
dow C:/Users/nathani/Documents/GitHub/EE316_2025/Project3/project_3_main/project_3_main.sdk/HelloWorld/Debug/HelloWorld.elf
configparams force-mem-access 0
----------------End of Script----------------

00:43:45 INFO  : Memory regions updated for context APU
00:43:45 INFO  : Context for processor 'ps7_cortexa9_0' is selected.
00:43:45 INFO  : 'con' command is executed.
00:43:45 INFO  : ----------------XSDB Script (After Launch)----------------
targets -set -nocase -filter {name =~ "ARM*#0" && jtag_cable_name =~ "JTAG-ONB4 25163300758BA"} -index 0
con
----------------End of Script----------------

00:43:45 INFO  : Launch script is exported to file 'C:\Users\nathani\Documents\GitHub\EE316_2025\Project3\project_3_main\project_3_main.sdk\.sdk\launch_scripts\xilinx_c-c++_application_(system_debugger)\system_debugger_using_debug_helloworld.elf_on_local.tcl'
00:57:16 INFO  : SDK has detected change in the last modified timestamps for source hardware specification file Source:1740635744236,  Project:1740634784861
00:57:16 INFO  : Project FullBuild_wrapper_hw_platform_0's source hardware specification located at C:/Users/nathani/Documents/GitHub/EE316_2025/Project3/project_3_main/project_3_main.sdk/FullBuild_wrapper.hdf is now different from the local copy.
		 The local copy will be replaced with the source specification and your workspace will be updated.
00:57:18 INFO  : Copied contents of C:/Users/nathani/Documents/GitHub/EE316_2025/Project3/project_3_main/project_3_main.sdk/FullBuild_wrapper.hdf into \FullBuild_wrapper_hw_platform_0\system.hdf.
00:57:20 INFO  : Synchronizing projects in the workspace with the hardware platform specification changes.
00:57:23 INFO  : 
00:57:24 INFO  : Updating hardware inferred compiler options for HelloWorld.
00:57:24 INFO  : Clearing existing target manager status.
00:57:24 INFO  : Closing and re-opening the MSS file of ther project standalone_bsp_0
00:57:25 INFO  : Workspace synchronized with the new hardware specification file. Cleaning dependent projects...
00:57:26 WARN  : Linker script will not be updated automatically. Users need to update it manually.
00:57:36 INFO  : Connected to target on host '127.0.0.1' and port '3121'.
00:57:36 INFO  : 'targets -set -filter {jtag_cable_name =~ "JTAG-ONB4 25163300758BA" && level==0} -index 1' command is executed.
00:57:38 INFO  : FPGA configured successfully with bitstream "C:/Users/nathani/Documents/GitHub/EE316_2025/Project3/project_3_main/project_3_main.sdk/FullBuild_wrapper_hw_platform_0/FullBuild_wrapper.bit"
00:58:10 INFO  : Disconnected from the channel tcfchan#5.
00:58:11 INFO  : 'targets -set -filter {jtag_cable_name =~ "JTAG-ONB4 25163300758BA" && level==0} -index 1' command is executed.
00:58:11 INFO  : 'fpga -state' command is executed.
00:58:11 INFO  : Connected to target on host '127.0.0.1' and port '3121'.
00:58:11 INFO  : Jtag cable 'JTAG-ONB4 25163300758BA' is selected.
00:58:11 INFO  : 'jtag frequency' command is executed.
00:58:11 INFO  : Sourcing of 'C:/Users/nathani/Documents/GitHub/EE316_2025/Project3/project_3_main/project_3_main.sdk/FullBuild_wrapper_hw_platform_0/ps7_init.tcl' is done.
00:58:11 INFO  : Context for 'APU' is selected.
00:58:11 INFO  : Hardware design information is loaded from 'C:/Users/nathani/Documents/GitHub/EE316_2025/Project3/project_3_main/project_3_main.sdk/FullBuild_wrapper_hw_platform_0/system.hdf'.
00:58:11 INFO  : 'configparams force-mem-access 1' command is executed.
00:58:11 INFO  : Context for 'APU' is selected.
00:58:11 INFO  : 'stop' command is executed.
00:58:11 INFO  : 'ps7_init' command is executed.
00:58:11 INFO  : 'ps7_post_config' command is executed.
00:58:11 INFO  : Context for processor 'ps7_cortexa9_0' is selected.
00:58:11 INFO  : Processor reset is completed for 'ps7_cortexa9_0'.
00:58:11 INFO  : Context for processor 'ps7_cortexa9_0' is selected.
00:58:11 INFO  : The application 'C:/Users/nathani/Documents/GitHub/EE316_2025/Project3/project_3_main/project_3_main.sdk/HelloWorld/Debug/HelloWorld.elf' is downloaded to processor 'ps7_cortexa9_0'.
00:58:11 INFO  : 'configparams force-mem-access 0' command is executed.
00:58:11 INFO  : ----------------XSDB Script----------------
connect -url tcp:127.0.0.1:3121
source C:/Users/nathani/Documents/GitHub/EE316_2025/Project3/project_3_main/project_3_main.sdk/FullBuild_wrapper_hw_platform_0/ps7_init.tcl
targets -set -nocase -filter {name =~"APU*" && jtag_cable_name =~ "JTAG-ONB4 25163300758BA"} -index 0
loadhw -hw C:/Users/nathani/Documents/GitHub/EE316_2025/Project3/project_3_main/project_3_main.sdk/FullBuild_wrapper_hw_platform_0/system.hdf -mem-ranges [list {0x40000000 0xbfffffff}]
configparams force-mem-access 1
targets -set -nocase -filter {name =~"APU*" && jtag_cable_name =~ "JTAG-ONB4 25163300758BA"} -index 0
stop
ps7_init
ps7_post_config
targets -set -nocase -filter {name =~ "ARM*#0" && jtag_cable_name =~ "JTAG-ONB4 25163300758BA"} -index 0
rst -processor
targets -set -nocase -filter {name =~ "ARM*#0" && jtag_cable_name =~ "JTAG-ONB4 25163300758BA"} -index 0
dow C:/Users/nathani/Documents/GitHub/EE316_2025/Project3/project_3_main/project_3_main.sdk/HelloWorld/Debug/HelloWorld.elf
configparams force-mem-access 0
----------------End of Script----------------

00:58:12 INFO  : Memory regions updated for context APU
00:58:12 INFO  : Context for processor 'ps7_cortexa9_0' is selected.
00:58:12 INFO  : 'con' command is executed.
00:58:12 INFO  : ----------------XSDB Script (After Launch)----------------
targets -set -nocase -filter {name =~ "ARM*#0" && jtag_cable_name =~ "JTAG-ONB4 25163300758BA"} -index 0
con
----------------End of Script----------------

00:58:12 INFO  : Launch script is exported to file 'C:\Users\nathani\Documents\GitHub\EE316_2025\Project3\project_3_main\project_3_main.sdk\.sdk\launch_scripts\xilinx_c-c++_application_(system_debugger)\system_debugger_using_debug_helloworld.elf_on_local.tcl'
01:02:45 INFO  : Connected to target on host '127.0.0.1' and port '3121'.
01:02:45 INFO  : 'targets -set -filter {jtag_cable_name =~ "JTAG-ONB4 25163300758BA" && level==0} -index 1' command is executed.
01:02:46 INFO  : FPGA configured successfully with bitstream "C:/Users/nathani/Documents/GitHub/EE316_2025/Project3/project_3_main/project_3_main.sdk/FullBuild_wrapper_hw_platform_0/FullBuild_wrapper.bit"
01:02:54 INFO  : Disconnected from the channel tcfchan#6.
01:02:55 INFO  : 'targets -set -filter {jtag_cable_name =~ "JTAG-ONB4 25163300758BA" && level==0} -index 1' command is executed.
01:02:55 INFO  : 'fpga -state' command is executed.
01:02:55 INFO  : Connected to target on host '127.0.0.1' and port '3121'.
01:02:55 INFO  : Jtag cable 'JTAG-ONB4 25163300758BA' is selected.
01:02:55 INFO  : 'jtag frequency' command is executed.
01:02:55 INFO  : Sourcing of 'C:/Users/nathani/Documents/GitHub/EE316_2025/Project3/project_3_main/project_3_main.sdk/FullBuild_wrapper_hw_platform_0/ps7_init.tcl' is done.
01:02:55 INFO  : Context for 'APU' is selected.
01:02:55 INFO  : Hardware design information is loaded from 'C:/Users/nathani/Documents/GitHub/EE316_2025/Project3/project_3_main/project_3_main.sdk/FullBuild_wrapper_hw_platform_0/system.hdf'.
01:02:55 INFO  : 'configparams force-mem-access 1' command is executed.
01:02:55 INFO  : Context for 'APU' is selected.
01:02:55 INFO  : 'stop' command is executed.
01:02:55 INFO  : 'ps7_init' command is executed.
01:02:55 INFO  : 'ps7_post_config' command is executed.
01:02:55 INFO  : Context for processor 'ps7_cortexa9_0' is selected.
01:02:55 INFO  : Processor reset is completed for 'ps7_cortexa9_0'.
01:02:55 INFO  : Context for processor 'ps7_cortexa9_0' is selected.
01:02:56 INFO  : The application 'C:/Users/nathani/Documents/GitHub/EE316_2025/Project3/project_3_main/project_3_main.sdk/HelloWorld/Debug/HelloWorld.elf' is downloaded to processor 'ps7_cortexa9_0'.
01:02:56 INFO  : 'configparams force-mem-access 0' command is executed.
01:02:56 INFO  : ----------------XSDB Script----------------
connect -url tcp:127.0.0.1:3121
source C:/Users/nathani/Documents/GitHub/EE316_2025/Project3/project_3_main/project_3_main.sdk/FullBuild_wrapper_hw_platform_0/ps7_init.tcl
targets -set -nocase -filter {name =~"APU*" && jtag_cable_name =~ "JTAG-ONB4 25163300758BA"} -index 0
loadhw -hw C:/Users/nathani/Documents/GitHub/EE316_2025/Project3/project_3_main/project_3_main.sdk/FullBuild_wrapper_hw_platform_0/system.hdf -mem-ranges [list {0x40000000 0xbfffffff}]
configparams force-mem-access 1
targets -set -nocase -filter {name =~"APU*" && jtag_cable_name =~ "JTAG-ONB4 25163300758BA"} -index 0
stop
ps7_init
ps7_post_config
targets -set -nocase -filter {name =~ "ARM*#0" && jtag_cable_name =~ "JTAG-ONB4 25163300758BA"} -index 0
rst -processor
targets -set -nocase -filter {name =~ "ARM*#0" && jtag_cable_name =~ "JTAG-ONB4 25163300758BA"} -index 0
dow C:/Users/nathani/Documents/GitHub/EE316_2025/Project3/project_3_main/project_3_main.sdk/HelloWorld/Debug/HelloWorld.elf
configparams force-mem-access 0
----------------End of Script----------------

01:02:56 INFO  : Memory regions updated for context APU
01:02:56 INFO  : Context for processor 'ps7_cortexa9_0' is selected.
01:02:56 INFO  : 'con' command is executed.
01:02:56 INFO  : ----------------XSDB Script (After Launch)----------------
targets -set -nocase -filter {name =~ "ARM*#0" && jtag_cable_name =~ "JTAG-ONB4 25163300758BA"} -index 0
con
----------------End of Script----------------

01:02:56 INFO  : Launch script is exported to file 'C:\Users\nathani\Documents\GitHub\EE316_2025\Project3\project_3_main\project_3_main.sdk\.sdk\launch_scripts\xilinx_c-c++_application_(system_debugger)\system_debugger_using_debug_helloworld.elf_on_local.tcl'
01:04:19 INFO  : Connected to target on host '127.0.0.1' and port '3121'.
01:04:19 INFO  : 'targets -set -filter {jtag_cable_name =~ "JTAG-ONB4 25163300758BA" && level==0} -index 1' command is executed.
01:04:20 INFO  : FPGA configured successfully with bitstream "C:/Users/nathani/Documents/GitHub/EE316_2025/Project3/project_3_main/project_3_main.sdk/FullBuild_wrapper_hw_platform_0/FullBuild_wrapper.bit"
01:04:32 INFO  : Disconnected from the channel tcfchan#7.
01:04:33 INFO  : 'targets -set -filter {jtag_cable_name =~ "JTAG-ONB4 25163300758BA" && level==0} -index 1' command is executed.
01:04:33 INFO  : 'fpga -state' command is executed.
01:04:33 INFO  : Connected to target on host '127.0.0.1' and port '3121'.
01:04:34 INFO  : Jtag cable 'JTAG-ONB4 25163300758BA' is selected.
01:04:34 INFO  : 'jtag frequency' command is executed.
01:04:34 INFO  : Sourcing of 'C:/Users/nathani/Documents/GitHub/EE316_2025/Project3/project_3_main/project_3_main.sdk/FullBuild_wrapper_hw_platform_0/ps7_init.tcl' is done.
01:04:34 INFO  : Context for 'APU' is selected.
01:04:34 INFO  : Hardware design information is loaded from 'C:/Users/nathani/Documents/GitHub/EE316_2025/Project3/project_3_main/project_3_main.sdk/FullBuild_wrapper_hw_platform_0/system.hdf'.
01:04:34 INFO  : 'configparams force-mem-access 1' command is executed.
01:04:34 INFO  : Context for 'APU' is selected.
01:04:34 INFO  : 'stop' command is executed.
01:04:34 INFO  : 'ps7_init' command is executed.
01:04:34 INFO  : 'ps7_post_config' command is executed.
01:04:34 INFO  : Context for processor 'ps7_cortexa9_0' is selected.
01:04:34 INFO  : Processor reset is completed for 'ps7_cortexa9_0'.
01:04:34 INFO  : Context for processor 'ps7_cortexa9_0' is selected.
01:04:34 INFO  : The application 'C:/Users/nathani/Documents/GitHub/EE316_2025/Project3/project_3_main/project_3_main.sdk/HelloWorld/Debug/HelloWorld.elf' is downloaded to processor 'ps7_cortexa9_0'.
01:04:34 INFO  : 'configparams force-mem-access 0' command is executed.
01:04:34 INFO  : ----------------XSDB Script----------------
connect -url tcp:127.0.0.1:3121
source C:/Users/nathani/Documents/GitHub/EE316_2025/Project3/project_3_main/project_3_main.sdk/FullBuild_wrapper_hw_platform_0/ps7_init.tcl
targets -set -nocase -filter {name =~"APU*" && jtag_cable_name =~ "JTAG-ONB4 25163300758BA"} -index 0
loadhw -hw C:/Users/nathani/Documents/GitHub/EE316_2025/Project3/project_3_main/project_3_main.sdk/FullBuild_wrapper_hw_platform_0/system.hdf -mem-ranges [list {0x40000000 0xbfffffff}]
configparams force-mem-access 1
targets -set -nocase -filter {name =~"APU*" && jtag_cable_name =~ "JTAG-ONB4 25163300758BA"} -index 0
stop
ps7_init
ps7_post_config
targets -set -nocase -filter {name =~ "ARM*#0" && jtag_cable_name =~ "JTAG-ONB4 25163300758BA"} -index 0
rst -processor
targets -set -nocase -filter {name =~ "ARM*#0" && jtag_cable_name =~ "JTAG-ONB4 25163300758BA"} -index 0
dow C:/Users/nathani/Documents/GitHub/EE316_2025/Project3/project_3_main/project_3_main.sdk/HelloWorld/Debug/HelloWorld.elf
configparams force-mem-access 0
----------------End of Script----------------

01:04:34 INFO  : Memory regions updated for context APU
01:04:34 INFO  : Context for processor 'ps7_cortexa9_0' is selected.
01:04:34 INFO  : 'con' command is executed.
01:04:34 INFO  : ----------------XSDB Script (After Launch)----------------
targets -set -nocase -filter {name =~ "ARM*#0" && jtag_cable_name =~ "JTAG-ONB4 25163300758BA"} -index 0
con
----------------End of Script----------------

01:04:34 INFO  : Launch script is exported to file 'C:\Users\nathani\Documents\GitHub\EE316_2025\Project3\project_3_main\project_3_main.sdk\.sdk\launch_scripts\xilinx_c-c++_application_(system_debugger)\system_debugger_using_debug_helloworld.elf_on_local.tcl'
01:11:13 INFO  : SDK has detected change in the last modified timestamps for source hardware specification file Source:1740636515140,  Project:1740635744236
01:11:13 INFO  : Project FullBuild_wrapper_hw_platform_0's source hardware specification located at C:/Users/nathani/Documents/GitHub/EE316_2025/Project3/project_3_main/project_3_main.sdk/FullBuild_wrapper.hdf is now different from the local copy.
		 The local copy will be replaced with the source specification and your workspace will be updated.
01:11:14 INFO  : Copied contents of C:/Users/nathani/Documents/GitHub/EE316_2025/Project3/project_3_main/project_3_main.sdk/FullBuild_wrapper.hdf into \FullBuild_wrapper_hw_platform_0\system.hdf.
01:11:17 INFO  : Synchronizing projects in the workspace with the hardware platform specification changes.
01:11:20 INFO  : 
01:11:21 INFO  : Updating hardware inferred compiler options for HelloWorld.
01:11:21 INFO  : Clearing existing target manager status.
01:11:21 INFO  : Closing and re-opening the MSS file of ther project standalone_bsp_0
01:11:21 INFO  : Workspace synchronized with the new hardware specification file. Cleaning dependent projects...
01:11:23 WARN  : Linker script will not be updated automatically. Users need to update it manually.
01:12:11 INFO  : Connected to target on host '127.0.0.1' and port '3121'.
01:12:11 INFO  : 'targets -set -filter {jtag_cable_name =~ "JTAG-ONB4 25163300758BA" && level==0} -index 1' command is executed.
01:12:12 INFO  : FPGA configured successfully with bitstream "C:/Users/nathani/Documents/GitHub/EE316_2025/Project3/project_3_main/project_3_main.sdk/FullBuild_wrapper_hw_platform_0/FullBuild_wrapper.bit"
01:12:19 INFO  : Disconnected from the channel tcfchan#8.
01:12:20 INFO  : 'targets -set -filter {jtag_cable_name =~ "JTAG-ONB4 25163300758BA" && level==0} -index 1' command is executed.
01:12:20 INFO  : 'fpga -state' command is executed.
01:12:20 INFO  : Connected to target on host '127.0.0.1' and port '3121'.
01:12:20 INFO  : Jtag cable 'JTAG-ONB4 25163300758BA' is selected.
01:12:20 INFO  : 'jtag frequency' command is executed.
01:12:20 INFO  : Sourcing of 'C:/Users/nathani/Documents/GitHub/EE316_2025/Project3/project_3_main/project_3_main.sdk/FullBuild_wrapper_hw_platform_0/ps7_init.tcl' is done.
01:12:20 INFO  : Context for 'APU' is selected.
01:12:20 INFO  : Hardware design information is loaded from 'C:/Users/nathani/Documents/GitHub/EE316_2025/Project3/project_3_main/project_3_main.sdk/FullBuild_wrapper_hw_platform_0/system.hdf'.
01:12:20 INFO  : 'configparams force-mem-access 1' command is executed.
01:12:20 INFO  : Context for 'APU' is selected.
01:12:20 INFO  : 'stop' command is executed.
01:12:21 INFO  : 'ps7_init' command is executed.
01:12:21 INFO  : 'ps7_post_config' command is executed.
01:12:21 INFO  : Context for processor 'ps7_cortexa9_0' is selected.
01:12:21 INFO  : Processor reset is completed for 'ps7_cortexa9_0'.
01:12:21 INFO  : Context for processor 'ps7_cortexa9_0' is selected.
01:12:21 INFO  : The application 'C:/Users/nathani/Documents/GitHub/EE316_2025/Project3/project_3_main/project_3_main.sdk/HelloWorld/Debug/HelloWorld.elf' is downloaded to processor 'ps7_cortexa9_0'.
01:12:21 INFO  : 'configparams force-mem-access 0' command is executed.
01:12:21 INFO  : ----------------XSDB Script----------------
connect -url tcp:127.0.0.1:3121
source C:/Users/nathani/Documents/GitHub/EE316_2025/Project3/project_3_main/project_3_main.sdk/FullBuild_wrapper_hw_platform_0/ps7_init.tcl
targets -set -nocase -filter {name =~"APU*" && jtag_cable_name =~ "JTAG-ONB4 25163300758BA"} -index 0
loadhw -hw C:/Users/nathani/Documents/GitHub/EE316_2025/Project3/project_3_main/project_3_main.sdk/FullBuild_wrapper_hw_platform_0/system.hdf -mem-ranges [list {0x40000000 0xbfffffff}]
configparams force-mem-access 1
targets -set -nocase -filter {name =~"APU*" && jtag_cable_name =~ "JTAG-ONB4 25163300758BA"} -index 0
stop
ps7_init
ps7_post_config
targets -set -nocase -filter {name =~ "ARM*#0" && jtag_cable_name =~ "JTAG-ONB4 25163300758BA"} -index 0
rst -processor
targets -set -nocase -filter {name =~ "ARM*#0" && jtag_cable_name =~ "JTAG-ONB4 25163300758BA"} -index 0
dow C:/Users/nathani/Documents/GitHub/EE316_2025/Project3/project_3_main/project_3_main.sdk/HelloWorld/Debug/HelloWorld.elf
configparams force-mem-access 0
----------------End of Script----------------

01:12:21 INFO  : Memory regions updated for context APU
01:12:21 INFO  : Context for processor 'ps7_cortexa9_0' is selected.
01:12:21 INFO  : 'con' command is executed.
01:12:21 INFO  : ----------------XSDB Script (After Launch)----------------
targets -set -nocase -filter {name =~ "ARM*#0" && jtag_cable_name =~ "JTAG-ONB4 25163300758BA"} -index 0
con
----------------End of Script----------------

01:12:21 INFO  : Launch script is exported to file 'C:\Users\nathani\Documents\GitHub\EE316_2025\Project3\project_3_main\project_3_main.sdk\.sdk\launch_scripts\xilinx_c-c++_application_(system_debugger)\system_debugger_using_debug_helloworld.elf_on_local.tcl'
