Flow report for top_level
Sun Feb 09 15:04:02 2025
Quartus II 64-Bit Version 13.0.1 Build 232 06/12/2013 Service Pack 1 SJ Full Version


---------------------
; Table of Contents ;
---------------------
  1. Legal Notice
  2. Flow Summary
  3. Flow Settings
  4. Flow Non-Default Global Settings
  5. Flow Elapsed Time
  6. Flow OS Summary
  7. Flow Log
  8. Flow Messages
  9. Flow Suppressed Messages



----------------
; Legal Notice ;
----------------
Copyright (C) 1991-2013 Altera Corporation
Your use of Altera Corporation's design tools, logic functions 
and other software and tools, and its AMPP partner logic 
functions, and any output files from any of the foregoing 
(including device programming or simulation files), and any 
associated documentation or information are expressly subject 
to the terms and conditions of the Altera Program License 
Subscription Agreement, Altera MegaCore Function License 
Agreement, or other applicable license agreement, including, 
without limitation, that your use is for the sole purpose of 
programming logic devices manufactured by Altera and sold by 
Altera or its authorized distributors.  Please refer to the 
applicable agreement for further details.



+---------------------------------------------------------------------------------------+
; Flow Summary                                                                          ;
+------------------------------------+--------------------------------------------------+
; Flow Status                        ; Successful - Sun Feb 09 15:04:02 2025            ;
; Quartus II 64-Bit Version          ; 13.0.1 Build 232 06/12/2013 SP 1 SJ Full Version ;
; Revision Name                      ; top_level                                        ;
; Top-level Entity Name              ; i2c_user_logic                                   ;
; Family                             ; Cyclone IV E                                     ;
; Device                             ; EP4CE115F29C7                                    ;
; Timing Models                      ; Final                                            ;
; Total logic elements               ; 164 / 114,480 ( < 1 % )                          ;
;     Total combinational functions  ; 164 / 114,480 ( < 1 % )                          ;
;     Dedicated logic registers      ; 65 / 114,480 ( < 1 % )                           ;
; Total registers                    ; 65                                               ;
; Total pins                         ; 19 / 529 ( 4 % )                                 ;
; Total virtual pins                 ; 0                                                ;
; Total memory bits                  ; 0 / 3,981,312 ( 0 % )                            ;
; Embedded Multiplier 9-bit elements ; 0 / 532 ( 0 % )                                  ;
; Total PLLs                         ; 0 / 4 ( 0 % )                                    ;
+------------------------------------+--------------------------------------------------+


+-----------------------------------------+
; Flow Settings                           ;
+-------------------+---------------------+
; Option            ; Setting             ;
+-------------------+---------------------+
; Start date & time ; 02/09/2025 15:03:37 ;
; Main task         ; Compilation         ;
; Revision Name     ; top_level           ;
+-------------------+---------------------+


+-------------------------------------------------------------------------------------------------------------------------+
; Flow Non-Default Global Settings                                                                                        ;
+-------------------------------------+---------------------------------+---------------+----------------+----------------+
; Assignment Name                     ; Value                           ; Default Value ; Entity Name    ; Section Id     ;
+-------------------------------------+---------------------------------+---------------+----------------+----------------+
; COMPILER_SIGNATURE_ID               ; 194042950538999.173913141714960 ; --            ; --             ; --             ;
; EDA_OUTPUT_DATA_FORMAT              ; Vhdl                            ; --            ; --             ; eda_simulation ;
; EDA_SIMULATION_TOOL                 ; ModelSim-Altera (VHDL)          ; <None>        ; --             ; --             ;
; MAX_CORE_JUNCTION_TEMP              ; 85                              ; --            ; --             ; --             ;
; MIN_CORE_JUNCTION_TEMP              ; 0                               ; --            ; --             ; --             ;
; NOMINAL_CORE_SUPPLY_VOLTAGE         ; 1.2V                            ; --            ; --             ; --             ;
; PARTITION_COLOR                     ; 16764057                        ; --            ; i2c_user_logic ; Top            ;
; PARTITION_FITTER_PRESERVATION_LEVEL ; PLACEMENT_AND_ROUTING           ; --            ; i2c_user_logic ; Top            ;
; PARTITION_NETLIST_TYPE              ; SOURCE                          ; --            ; i2c_user_logic ; Top            ;
; PROJECT_OUTPUT_DIRECTORY            ; output_files                    ; --            ; --             ; --             ;
; TOP_LEVEL_ENTITY                    ; i2c_user_logic                  ; top_level     ; --             ; --             ;
+-------------------------------------+---------------------------------+---------------+----------------+----------------+


+-------------------------------------------------------------------------------------------------------------------------------+
; Flow Elapsed Time                                                                                                             ;
+---------------------------+--------------+-------------------------+---------------------+------------------------------------+
; Module Name               ; Elapsed Time ; Average Processors Used ; Peak Virtual Memory ; Total CPU Time (on all processors) ;
+---------------------------+--------------+-------------------------+---------------------+------------------------------------+
; Analysis & Synthesis      ; 00:00:03     ; 1.0                     ; 4674 MB             ; 00:00:02                           ;
; Fitter                    ; 00:00:11     ; 3.0                     ; 5702 MB             ; 00:00:19                           ;
; Assembler                 ; 00:00:04     ; 1.0                     ; 4570 MB             ; 00:00:04                           ;
; TimeQuest Timing Analyzer ; 00:00:03     ; 1.0                     ; 4695 MB             ; 00:00:02                           ;
; EDA Netlist Writer        ; 00:00:01     ; 1.0                     ; 4521 MB             ; 00:00:01                           ;
; Total                     ; 00:00:22     ; --                      ; --                  ; 00:00:28                           ;
+---------------------------+--------------+-------------------------+---------------------+------------------------------------+


+----------------------------------------------------------------------------------------+
; Flow OS Summary                                                                        ;
+---------------------------+------------------+-----------+------------+----------------+
; Module Name               ; Machine Hostname ; OS Name   ; OS Version ; Processor type ;
+---------------------------+------------------+-----------+------------+----------------+
; Analysis & Synthesis      ; UL-32            ; Windows 7 ; 6.2        ; x86_64         ;
; Fitter                    ; UL-32            ; Windows 7 ; 6.2        ; x86_64         ;
; Assembler                 ; UL-32            ; Windows 7 ; 6.2        ; x86_64         ;
; TimeQuest Timing Analyzer ; UL-32            ; Windows 7 ; 6.2        ; x86_64         ;
; EDA Netlist Writer        ; UL-32            ; Windows 7 ; 6.2        ; x86_64         ;
+---------------------------+------------------+-----------+------------+----------------+


------------
; Flow Log ;
------------
quartus_map --read_settings_files=on --write_settings_files=off i2c -c top_level
quartus_fit --read_settings_files=off --write_settings_files=off i2c -c top_level
quartus_asm --read_settings_files=off --write_settings_files=off i2c -c top_level
quartus_sta i2c -c top_level
quartus_eda --read_settings_files=off --write_settings_files=off i2c -c top_level



